<?xml version="1.0" encoding="UTF-8"?>
<!-- Generated by org.testng.reporters.JUnitReportReporter -->
<testsuite hostname="Саша-ПК" name="sasha.LoginTest" tests="1" failures="0" timestamp="1 Apr 2016 05:58:14 GMT" time="2.505" errors="0">
  <testcase name="testUntitled" time="2.505" classname="sasha.LoginTest"/>
</testsuite> <!-- sasha.LoginTest -->
