<?xml version="1.0" encoding="UTF-8"?>
<!-- Generated by org.testng.reporters.JUnitReportReporter -->
<testsuite hostname="Саша-ПК" name="sasha.LoginTest" tests="1" failures="0" timestamp="20 Mar 2016 18:53:55 GMT" time="1.904" errors="0">
  <testcase name="testUntitled" time="1.904" classname="sasha.LoginTest"/>
</testsuite> <!-- sasha.LoginTest -->
