<?xml version="1.0" encoding="UTF-8"?>
<!-- Generated by org.testng.reporters.JUnitReportReporter -->
<testsuite hostname="Саша-ПК" name="sasha.HomePageTest" tests="2" failures="0" timestamp="20 Mar 2016 18:50:20 GMT" time="0.136" errors="0">
  <testcase name="test2" time="0.002" classname="sasha.HomePageTest"/>
  <testcase name="testH1Existing" time="0.134" classname="sasha.HomePageTest"/>
</testsuite> <!-- sasha.HomePageTest -->
